# JRE version: Java(TM) SE Runtime Environment (8.0_31-b13) (build 1.8.0_31-b13)
# Java VM: Java HotSpot(TM) 64-Bit Server VM (25.31-b07 mixed mode windows-amd64 compressed oops)
Heap:
 PSYoungGen      total 212992K, used 102092K [0x00000000eab00000, 0x0000000100000000, 0x0000000100000000)
  eden space 190976K, 44% used [0x00000000eab00000,0x00000000efdd2558,0x00000000f6580000)
  from space 22016K, 78% used [0x00000000f6580000,0x00000000f7660b38,0x00000000f7b00000)
  to   space 38912K, 0% used [0x00000000fda00000,0x00000000fda00000,0x0000000100000000)
 ParOldGen       total 124416K, used 63021K [0x00000000c0000000, 0x00000000c7980000, 0x00000000eab00000)
  object space 124416K, 50% used [0x00000000c0000000,0x00000000c3d8b590,0x00000000c7980000)
 Metaspace       used 6828K, capacity 7608K, committed 7936K, reserved 1056768K
  class space    used 633K, capacity 688K, committed 768K, reserved 1048576K
GC Heap History (10 events):
Event: 27.631 GC heap before
{Heap before GC invocations=4 (full 0):
 PSYoungGen      total 51712K, used 51701K [0x00000000eab00000, 0x00000000f1000000, 0x0000000100000000)
  eden space 48128K, 100% used [0x00000000eab00000,0x00000000eda00000,0x00000000eda00000)
  from space 3584K, 99% used [0x00000000eda00000,0x00000000edd7d580,0x00000000edd80000)
  to   space 3584K, 0% used [0x00000000f0c80000,0x00000000f0c80000,0x00000000f1000000)
 ParOldGen       total 62976K, used 13688K [0x00000000c0000000, 0x00000000c3d80000, 0x00000000eab00000)
  object space 62976K, 21% used [0x00000000c0000000,0x00000000c0d5e360,0x00000000c3d80000)
 Metaspace       used 6263K, capacity 7152K, committed 7296K, reserved 1056768K
  class space    used 591K, capacity 616K, committed 640K, reserved 1048576K
Event: 28.244 GC heap after
Heap after GC invocations=4 (full 0):
 PSYoungGen      total 99840K, used 3568K [0x00000000eab00000, 0x00000000f1000000, 0x0000000100000000)
  eden space 96256K, 0% used [0x00000000eab00000,0x00000000eab00000,0x00000000f0900000)
  from space 3584K, 99% used [0x00000000f0c80000,0x00000000f0ffc0c0,0x00000000f1000000)
  to   space 3584K, 0% used [0x00000000f0900000,0x00000000f0900000,0x00000000f0c80000)
 ParOldGen       total 62976K, used 20728K [0x00000000c0000000, 0x00000000c3d80000, 0x00000000eab00000)
  object space 62976K, 32% used [0x00000000c0000000,0x00000000c143e3b8,0x00000000c3d80000)
 Metaspace       used 6263K, capacity 7152K, committed 7296K, reserved 1056768K
  class space    used 591K, capacity 616K, committed 640K, reserved 1048576K
}
Event: 32.081 GC heap before
{Heap before GC invocations=5 (full 0):
 PSYoungGen      total 99840K, used 99824K [0x00000000eab00000, 0x00000000f1000000, 0x0000000100000000)
  eden space 96256K, 100% used [0x00000000eab00000,0x00000000f0900000,0x00000000f0900000)
  from space 3584K, 99% used [0x00000000f0c80000,0x00000000f0ffc0c0,0x00000000f1000000)
  to   space 3584K, 0% used [0x00000000f0900000,0x00000000f0900000,0x00000000f0c80000)
 ParOldGen       total 62976K, used 20728K [0x00000000c0000000, 0x00000000c3d80000, 0x00000000eab00000)
  object space 62976K, 32% used [0x00000000c0000000,0x00000000c143e3b8,0x00000000c3d80000)
 Metaspace       used 6303K, capacity 7216K, committed 7296K, reserved 1056768K
  class space    used 591K, capacity 616K, committed 640K, reserved 1048576K
Event: 32.404 GC heap after
Heap after GC invocations=5 (full 0):
 PSYoungGen      total 99840K, used 3569K [0x00000000eab00000, 0x00000000f8f00000, 0x0000000100000000)
  eden space 96256K, 0% used [0x00000000eab00000,0x00000000eab00000,0x00000000f0900000)
  from space 3584K, 99% used [0x00000000f0900000,0x00000000f0c7c798,0x00000000f0c80000)
  to   space 20480K, 0% used [0x00000000f7b00000,0x00000000f7b00000,0x00000000f8f00000)
 ParOldGen       total 62976K, used 37234K [0x00000000c0000000, 0x00000000c3d80000, 0x00000000eab00000)
  object space 62976K, 59% used [0x00000000c0000000,0x00000000c245ca20,0x00000000c3d80000)
 Metaspace       used 6303K, capacity 7216K, committed 7296K, reserved 1056768K
  class space    used 591K, capacity 616K, committed 640K, reserved 1048576K
}
Event: 34.432 GC heap before
{Heap before GC invocations=6 (full 0):
 PSYoungGen      total 99840K, used 99825K [0x00000000eab00000, 0x00000000f8f00000, 0x0000000100000000)
  eden space 96256K, 100% used [0x00000000eab00000,0x00000000f0900000,0x00000000f0900000)
  from space 3584K, 99% used [0x00000000f0900000,0x00000000f0c7c798,0x00000000f0c80000)
  to   space 20480K, 0% used [0x00000000f7b00000,0x00000000f7b00000,0x00000000f8f00000)
 ParOldGen       total 62976K, used 37234K [0x00000000c0000000, 0x00000000c3d80000, 0x00000000eab00000)
  object space 62976K, 59% used [0x00000000c0000000,0x00000000c245ca20,0x00000000c3d80000)
 Metaspace       used 6401K, capacity 7224K, committed 7296K, reserved 1056768K
  class space    used 612K, capacity 624K, committed 640K, reserved 1048576K
Event: 34.692 GC heap after
Heap after GC invocations=6 (full 0):
 PSYoungGen      total 211456K, used 17041K [0x00000000eab00000, 0x00000000f9200000, 0x0000000100000000)
  eden space 190976K, 0% used [0x00000000eab00000,0x00000000eab00000,0x00000000f6580000)
  from space 20480K, 83% used [0x00000000f7b00000,0x00000000f8ba4618,0x00000000f8f00000)
  to   space 22016K, 0% used [0x00000000f6580000,0x00000000f6580000,0x00000000f7b00000)
 ParOldGen       total 62976K, used 37242K [0x00000000c0000000, 0x00000000c3d80000, 0x00000000eab00000)
  object space 62976K, 59% used [0x00000000c0000000,0x00000000c245ea20,0x00000000c3d80000)
 Metaspace       used 6401K, capacity 7224K, committed 7296K, reserved 1056768K
  class space    used 612K, capacity 624K, committed 640K, reserved 1048576K
}
Event: 36.863 GC heap before
{Heap before GC invocations=7 (full 0):
 PSYoungGen      total 211456K, used 208017K [0x00000000eab00000, 0x00000000f9200000, 0x0000000100000000)
  eden space 190976K, 100% used [0x00000000eab00000,0x00000000f6580000,0x00000000f6580000)
  from space 20480K, 83% used [0x00000000f7b00000,0x00000000f8ba4618,0x00000000f8f00000)
  to   space 22016K, 0% used [0x00000000f6580000,0x00000000f6580000,0x00000000f7b00000)
 ParOldGen       total 62976K, used 37242K [0x00000000c0000000, 0x00000000c3d80000, 0x00000000eab00000)
  object space 62976K, 59% used [0x00000000c0000000,0x00000000c245ea20,0x00000000c3d80000)
 Metaspace       used 6426K, capacity 7224K, committed 7296K, reserved 1056768K
  class space    used 612K, capacity 624K, committed 640K, reserved 1048576K
Event: 37.193 GC heap after
Heap after GC invocations=7 (full 0):
 PSYoungGen      total 212992K, used 21991K [0x00000000eab00000, 0x0000000100000000, 0x0000000100000000)
  eden space 190976K, 0% used [0x00000000eab00000,0x00000000eab00000,0x00000000f6580000)
  from space 22016K, 99% used [0x00000000f6580000,0x00000000f7af9ca0,0x00000000f7b00000)
  to   space 38912K, 0% used [0x00000000fda00000,0x00000000fda00000,0x0000000100000000)
 ParOldGen       total 63488K, used 63251K [0x00000000c0000000, 0x00000000c3e00000, 0x00000000eab00000)
  object space 63488K, 99% used [0x00000000c0000000,0x00000000c3dc4e50,0x00000000c3e00000)
 Metaspace       used 6426K, capacity 7224K, committed 7296K, reserved 1056768K
  class space    used 612K, capacity 624K, committed 640K, reserved 1048576K
}
Event: 37.193 GC heap before
{Heap before GC invocations=8 (full 1):
 PSYoungGen      total 212992K, used 21991K [0x00000000eab00000, 0x0000000100000000, 0x0000000100000000)
  eden space 190976K, 0% used [0x00000000eab00000,0x00000000eab00000,0x00000000f6580000)
  from space 22016K, 99% used [0x00000000f6580000,0x00000000f7af9ca0,0x00000000f7b00000)
  to   space 38912K, 0% used [0x00000000fda00000,0x00000000fda00000,0x0000000100000000)
 ParOldGen       total 63488K, used 63251K [0x00000000c0000000, 0x00000000c3e00000, 0x00000000eab00000)
  object space 63488K, 99% used [0x00000000c0000000,0x00000000c3dc4e50,0x00000000c3e00000)
 Metaspace       used 6426K, capacity 7224K, committed 7296K, reserved 1056768K
  class space    used 612K, capacity 624K, committed 640K, reserved 1048576K
Event: 40.543 GC heap after
Heap after GC invocations=8 (full 1):
 PSYoungGen      total 212992K, used 17282K [0x00000000eab00000, 0x0000000100000000, 0x0000000100000000)
  eden space 190976K, 0% used [0x00000000eab00000,0x00000000eab00000,0x00000000f6580000)
  from space 22016K, 78% used [0x00000000f6580000,0x00000000f7660b38,0x00000000f7b00000)
  to   space 38912K, 0% used [0x00000000fda00000,0x00000000fda00000,0x0000000100000000)
 ParOldGen       total 124416K, used 63021K [0x00000000c0000000, 0x00000000c7980000, 0x00000000eab00000)
  object space 124416K, 50% used [0x00000000c0000000,0x00000000c3d8b590,0x00000000c7980000)
 Metaspace       used 6426K, capacity 7224K, committed 7296K, reserved 1056768K
  class space    used 612K, capacity 624K, committed 640K, reserved 1048576K
}

